2018-10-30 20:53:40.455  INFO 14756 --- [main] com.test.ApplicationTest                 : Starting ApplicationTest on DESKTOP-AS9FA6P with PID 14756 (started by noatn in E:\IdeaProjects\springbootA\boot-d)
2018-10-30 20:53:40.455  INFO 14756 --- [main] com.test.ApplicationTest                 : No active profile set, falling back to default profiles: default
2018-10-30 20:53:40.502  INFO 14756 --- [main] o.s.w.c.s.GenericWebApplicationContext   : Refreshing org.springframework.web.context.support.GenericWebApplicationContext@32b260fa: startup date [Tue Oct 30 20:53:40 CST 2018]; root of context hierarchy
2018-10-30 20:53:41.342  WARN 14756 --- [main] o.m.s.mapper.ClassPathMapperScanner      : No MyBatis mapper was found in '[com.blue.spring]' package. Please check your configuration.
2018-10-30 20:53:41.389  WARN 14756 --- [main] o.s.c.a.ConfigurationClassPostProcessor  : Cannot enhance @Configuration bean definition 'myBatisMapperScannerConfig' since its singleton instance has been created too early. The typical cause is a non-static @Bean method with a BeanDefinitionRegistryPostProcessor return type: Consider declaring such methods as 'static'.
2018-10-30 20:53:41.826  INFO 14756 --- [main] trationDelegate$BeanPostProcessorChecker : Bean 'org.springframework.transaction.annotation.ProxyTransactionManagementConfiguration' of type [org.springframework.transaction.annotation.ProxyTransactionManagementConfiguration$$EnhancerBySpringCGLIB$$ddddcb7a] is not eligible for getting processed by all BeanPostProcessors (for example: not eligible for auto-proxying)
2018-10-30 20:53:42.466  INFO 14756 --- [main] c.b.s.config.MultipleDataSourceConfig    : init Druid Servlet Configuration 
2018-10-30 20:53:43.015  INFO 14756 --- [main] s.w.s.m.m.a.RequestMappingHandlerAdapter : Looking for @ControllerAdvice: org.springframework.web.context.support.GenericWebApplicationContext@32b260fa: startup date [Tue Oct 30 20:53:40 CST 2018]; root of context hierarchy
2018-10-30 20:53:43.080  INFO 14756 --- [main] s.w.s.m.m.a.RequestMappingHandlerMapping : Mapped "{[/error]}" onto public org.springframework.http.ResponseEntity<java.util.Map<java.lang.String, java.lang.Object>> org.springframework.boot.autoconfigure.web.BasicErrorController.error(javax.servlet.http.HttpServletRequest)
2018-10-30 20:53:43.080  INFO 14756 --- [main] s.w.s.m.m.a.RequestMappingHandlerMapping : Mapped "{[/error],produces=[text/html]}" onto public org.springframework.web.servlet.ModelAndView org.springframework.boot.autoconfigure.web.BasicErrorController.errorHtml(javax.servlet.http.HttpServletRequest,javax.servlet.http.HttpServletResponse)
2018-10-30 20:53:43.111  INFO 14756 --- [main] o.s.w.s.handler.SimpleUrlHandlerMapping  : Mapped URL path [/webjars/**] onto handler of type [class org.springframework.web.servlet.resource.ResourceHttpRequestHandler]
2018-10-30 20:53:43.111  INFO 14756 --- [main] o.s.w.s.handler.SimpleUrlHandlerMapping  : Mapped URL path [/**] onto handler of type [class org.springframework.web.servlet.resource.ResourceHttpRequestHandler]
2018-10-30 20:53:43.143  INFO 14756 --- [main] o.s.w.s.handler.SimpleUrlHandlerMapping  : Mapped URL path [/**/favicon.ico] onto handler of type [class org.springframework.web.servlet.resource.ResourceHttpRequestHandler]
2018-10-30 20:53:44.424  INFO 14756 --- [main] com.test.ApplicationTest                 : Started ApplicationTest in 4.428 seconds (JVM running for 5.415)
2018-10-30 20:53:44.470  INFO 14756 --- [main] com.test.ApplicationTest                 : ----------------------------------------------------------------------------
2018-10-30 20:53:44.470  INFO 14756 --- [main] com.test.ApplicationTest                 : ...............................................................................
2018-10-30 20:53:44.486  INFO 14756 --- [Thread-2] o.s.w.c.s.GenericWebApplicationContext   : Closing org.springframework.web.context.support.GenericWebApplicationContext@32b260fa: startup date [Tue Oct 30 20:53:40 CST 2018]; root of context hierarchy
2018-10-30 20:57:32.183  INFO 19424 --- [main] com.test.ApplicationTest                 : Starting ApplicationTest on DESKTOP-AS9FA6P with PID 19424 (started by noatn in E:\IdeaProjects\springbootA\boot-d)
2018-10-30 20:57:32.184  INFO 19424 --- [main] com.test.ApplicationTest                 : No active profile set, falling back to default profiles: default
2018-10-30 20:57:32.259  INFO 19424 --- [main] o.s.w.c.s.GenericWebApplicationContext   : Refreshing org.springframework.web.context.support.GenericWebApplicationContext@32b260fa: startup date [Tue Oct 30 20:57:32 CST 2018]; root of context hierarchy
2018-10-30 20:57:33.076  WARN 19424 --- [main] o.m.s.mapper.ClassPathMapperScanner      : No MyBatis mapper was found in '[com.blue.spring]' package. Please check your configuration.
2018-10-30 20:57:33.118  WARN 19424 --- [main] o.s.c.a.ConfigurationClassPostProcessor  : Cannot enhance @Configuration bean definition 'myBatisMapperScannerConfig' since its singleton instance has been created too early. The typical cause is a non-static @Bean method with a BeanDefinitionRegistryPostProcessor return type: Consider declaring such methods as 'static'.
2018-10-30 20:57:33.567  INFO 19424 --- [main] trationDelegate$BeanPostProcessorChecker : Bean 'org.springframework.transaction.annotation.ProxyTransactionManagementConfiguration' of type [org.springframework.transaction.annotation.ProxyTransactionManagementConfiguration$$EnhancerBySpringCGLIB$$3c6895f8] is not eligible for getting processed by all BeanPostProcessors (for example: not eligible for auto-proxying)
2018-10-30 20:57:34.327  INFO 19424 --- [main] c.b.s.config.MultipleDataSourceConfig    : init Druid Servlet Configuration 
2018-10-30 20:57:34.779  INFO 19424 --- [main] s.w.s.m.m.a.RequestMappingHandlerAdapter : Looking for @ControllerAdvice: org.springframework.web.context.support.GenericWebApplicationContext@32b260fa: startup date [Tue Oct 30 20:57:32 CST 2018]; root of context hierarchy
2018-10-30 20:57:34.859  INFO 19424 --- [main] s.w.s.m.m.a.RequestMappingHandlerMapping : Mapped "{[/error]}" onto public org.springframework.http.ResponseEntity<java.util.Map<java.lang.String, java.lang.Object>> org.springframework.boot.autoconfigure.web.BasicErrorController.error(javax.servlet.http.HttpServletRequest)
2018-10-30 20:57:34.860  INFO 19424 --- [main] s.w.s.m.m.a.RequestMappingHandlerMapping : Mapped "{[/error],produces=[text/html]}" onto public org.springframework.web.servlet.ModelAndView org.springframework.boot.autoconfigure.web.BasicErrorController.errorHtml(javax.servlet.http.HttpServletRequest,javax.servlet.http.HttpServletResponse)
2018-10-30 20:57:34.896  INFO 19424 --- [main] o.s.w.s.handler.SimpleUrlHandlerMapping  : Mapped URL path [/webjars/**] onto handler of type [class org.springframework.web.servlet.resource.ResourceHttpRequestHandler]
2018-10-30 20:57:34.896  INFO 19424 --- [main] o.s.w.s.handler.SimpleUrlHandlerMapping  : Mapped URL path [/**] onto handler of type [class org.springframework.web.servlet.resource.ResourceHttpRequestHandler]
2018-10-30 20:57:34.941  INFO 19424 --- [main] o.s.w.s.handler.SimpleUrlHandlerMapping  : Mapped URL path [/**/favicon.ico] onto handler of type [class org.springframework.web.servlet.resource.ResourceHttpRequestHandler]
2018-10-30 20:57:36.085  INFO 19424 --- [main] com.test.ApplicationTest                 : Started ApplicationTest in 4.311 seconds (JVM running for 5.257)
2018-10-30 20:57:36.197  INFO 19424 --- [main] com.test.ApplicationTest                 : ----------------------------------------------------------------------------
2018-10-30 20:57:36.197  INFO 19424 --- [main] com.test.ApplicationTest                 : ...............................................................................
2018-10-30 20:57:36.204  INFO 19424 --- [Thread-2] o.s.w.c.s.GenericWebApplicationContext   : Closing org.springframework.web.context.support.GenericWebApplicationContext@32b260fa: startup date [Tue Oct 30 20:57:32 CST 2018]; root of context hierarchy
2018-10-30 20:58:07.809  INFO 16208 --- [main] com.test.ApplicationTest                 : Starting ApplicationTest on DESKTOP-AS9FA6P with PID 16208 (started by noatn in E:\IdeaProjects\springbootA\boot-d)
2018-10-30 20:58:07.810  INFO 16208 --- [main] com.test.ApplicationTest                 : No active profile set, falling back to default profiles: default
2018-10-30 20:58:07.877  INFO 16208 --- [main] o.s.w.c.s.GenericWebApplicationContext   : Refreshing org.springframework.web.context.support.GenericWebApplicationContext@32b260fa: startup date [Tue Oct 30 20:58:07 CST 2018]; root of context hierarchy
2018-10-30 20:58:08.887  WARN 16208 --- [main] o.m.s.mapper.ClassPathMapperScanner      : No MyBatis mapper was found in '[com.blue.spring]' package. Please check your configuration.
2018-10-30 20:58:08.930  WARN 16208 --- [main] o.s.c.a.ConfigurationClassPostProcessor  : Cannot enhance @Configuration bean definition 'myBatisMapperScannerConfig' since its singleton instance has been created too early. The typical cause is a non-static @Bean method with a BeanDefinitionRegistryPostProcessor return type: Consider declaring such methods as 'static'.
2018-10-30 20:58:09.411  INFO 16208 --- [main] trationDelegate$BeanPostProcessorChecker : Bean 'org.springframework.transaction.annotation.ProxyTransactionManagementConfiguration' of type [org.springframework.transaction.annotation.ProxyTransactionManagementConfiguration$$EnhancerBySpringCGLIB$$a9ecb2f0] is not eligible for getting processed by all BeanPostProcessors (for example: not eligible for auto-proxying)
2018-10-30 20:58:10.028  INFO 16208 --- [main] c.b.s.config.MultipleDataSourceConfig    : init Druid Servlet Configuration 
2018-10-30 20:58:10.511  INFO 16208 --- [main] s.w.s.m.m.a.RequestMappingHandlerAdapter : Looking for @ControllerAdvice: org.springframework.web.context.support.GenericWebApplicationContext@32b260fa: startup date [Tue Oct 30 20:58:07 CST 2018]; root of context hierarchy
2018-10-30 20:58:10.575  INFO 16208 --- [main] s.w.s.m.m.a.RequestMappingHandlerMapping : Mapped "{[/error]}" onto public org.springframework.http.ResponseEntity<java.util.Map<java.lang.String, java.lang.Object>> org.springframework.boot.autoconfigure.web.BasicErrorController.error(javax.servlet.http.HttpServletRequest)
2018-10-30 20:58:10.577  INFO 16208 --- [main] s.w.s.m.m.a.RequestMappingHandlerMapping : Mapped "{[/error],produces=[text/html]}" onto public org.springframework.web.servlet.ModelAndView org.springframework.boot.autoconfigure.web.BasicErrorController.errorHtml(javax.servlet.http.HttpServletRequest,javax.servlet.http.HttpServletResponse)
2018-10-30 20:58:10.614  INFO 16208 --- [main] o.s.w.s.handler.SimpleUrlHandlerMapping  : Mapped URL path [/webjars/**] onto handler of type [class org.springframework.web.servlet.resource.ResourceHttpRequestHandler]
2018-10-30 20:58:10.614  INFO 16208 --- [main] o.s.w.s.handler.SimpleUrlHandlerMapping  : Mapped URL path [/**] onto handler of type [class org.springframework.web.servlet.resource.ResourceHttpRequestHandler]
2018-10-30 20:58:10.661  INFO 16208 --- [main] o.s.w.s.handler.SimpleUrlHandlerMapping  : Mapped URL path [/**/favicon.ico] onto handler of type [class org.springframework.web.servlet.resource.ResourceHttpRequestHandler]
2018-10-30 20:58:11.886  INFO 16208 --- [main] com.test.ApplicationTest                 : Started ApplicationTest in 4.84 seconds (JVM running for 5.783)
2018-10-30 20:58:12.025  INFO 16208 --- [main] com.test.ApplicationTest                 : ----------------------------------------------------------------------------
2018-10-30 20:58:12.026  INFO 16208 --- [main] com.test.ApplicationTest                 : ...............................................................................
2018-10-30 20:58:12.031  INFO 16208 --- [Thread-2] o.s.w.c.s.GenericWebApplicationContext   : Closing org.springframework.web.context.support.GenericWebApplicationContext@32b260fa: startup date [Tue Oct 30 20:58:07 CST 2018]; root of context hierarchy
