2018-10-14 21:43:07 [DEBUG] [org.springframework.boot.logging.ClasspathLoggingApplicationListener:55] - Application failed to start with classpath: [file:/C:/Program%20Files/Java/jdk1.8.0_181/jre/lib/charsets.jar, file:/C:/Program%20Files/Java/jdk1.8.0_181/jre/lib/deploy.jar, file:/C:/Program%20Files/Java/jdk1.8.0_181/jre/lib/ext/access-bridge-64.jar, file:/C:/Program%20Files/Java/jdk1.8.0_181/jre/lib/ext/cldrdata.jar, file:/C:/Program%20Files/Java/jdk1.8.0_181/jre/lib/ext/dnsns.jar, file:/C:/Program%20Files/Java/jdk1.8.0_181/jre/lib/ext/jaccess.jar, file:/C:/Program%20Files/Java/jdk1.8.0_181/jre/lib/ext/jfxrt.jar, file:/C:/Program%20Files/Java/jdk1.8.0_181/jre/lib/ext/localedata.jar, file:/C:/Program%20Files/Java/jdk1.8.0_181/jre/lib/ext/nashorn.jar, file:/C:/Program%20Files/Java/jdk1.8.0_181/jre/lib/ext/sunec.jar, file:/C:/Program%20Files/Java/jdk1.8.0_181/jre/lib/ext/sunjce_provider.jar, file:/C:/Program%20Files/Java/jdk1.8.0_181/jre/lib/ext/sunmscapi.jar, file:/C:/Program%20Files/Java/jdk1.8.0_181/jre/lib/ext/sunpkcs11.jar, file:/C:/Program%20Files/Java/jdk1.8.0_181/jre/lib/ext/zipfs.jar, file:/C:/Program%20Files/Java/jdk1.8.0_181/jre/lib/javaws.jar, file:/C:/Program%20Files/Java/jdk1.8.0_181/jre/lib/jce.jar, file:/C:/Program%20Files/Java/jdk1.8.0_181/jre/lib/jfr.jar, file:/C:/Program%20Files/Java/jdk1.8.0_181/jre/lib/jfxswt.jar, file:/C:/Program%20Files/Java/jdk1.8.0_181/jre/lib/jsse.jar, file:/C:/Program%20Files/Java/jdk1.8.0_181/jre/lib/management-agent.jar, file:/C:/Program%20Files/Java/jdk1.8.0_181/jre/lib/plugin.jar, file:/C:/Program%20Files/Java/jdk1.8.0_181/jre/lib/resources.jar, file:/C:/Program%20Files/Java/jdk1.8.0_181/jre/lib/rt.jar, file:/E:/IdeaProjects/springbootA/boot-b/target/classes/, file:/E:/lib/maven/org/springframework/boot/spring-boot-starter-web/1.5.2.RELEASE/spring-boot-starter-web-1.5.2.RELEASE.jar, file:/E:/lib/maven/org/springframework/boot/spring-boot-starter/1.5.2.RELEASE/spring-boot-starter-1.5.2.RELEASE.jar, file:/E:/lib/maven/org/springframework/boot/spring-boot/1.5.2.RELEASE/spring-boot-1.5.2.RELEASE.jar, file:/E:/lib/maven/org/springframework/boot/spring-boot-autoconfigure/1.5.2.RELEASE/spring-boot-autoconfigure-1.5.2.RELEASE.jar, file:/E:/lib/maven/org/springframework/boot/spring-boot-starter-logging/1.5.2.RELEASE/spring-boot-starter-logging-1.5.2.RELEASE.jar, file:/E:/lib/maven/ch/qos/logback/logback-classic/1.1.11/logback-classic-1.1.11.jar, file:/E:/lib/maven/ch/qos/logback/logback-core/1.1.11/logback-core-1.1.11.jar, file:/E:/lib/maven/org/slf4j/slf4j-api/1.7.24/slf4j-api-1.7.24.jar, file:/E:/lib/maven/org/slf4j/jcl-over-slf4j/1.7.24/jcl-over-slf4j-1.7.24.jar, file:/E:/lib/maven/org/slf4j/jul-to-slf4j/1.7.24/jul-to-slf4j-1.7.24.jar, file:/E:/lib/maven/org/slf4j/log4j-over-slf4j/1.7.24/log4j-over-slf4j-1.7.24.jar, file:/E:/lib/maven/org/springframework/spring-core/4.3.7.RELEASE/spring-core-4.3.7.RELEASE.jar, file:/E:/lib/maven/org/yaml/snakeyaml/1.17/snakeyaml-1.17.jar, file:/E:/lib/maven/org/springframework/boot/spring-boot-starter-tomcat/1.5.2.RELEASE/spring-boot-starter-tomcat-1.5.2.RELEASE.jar, file:/E:/lib/maven/org/apache/tomcat/embed/tomcat-embed-core/8.5.11/tomcat-embed-core-8.5.11.jar, file:/E:/lib/maven/org/apache/tomcat/embed/tomcat-embed-el/8.5.11/tomcat-embed-el-8.5.11.jar, file:/E:/lib/maven/org/apache/tomcat/embed/tomcat-embed-websocket/8.5.11/tomcat-embed-websocket-8.5.11.jar, file:/E:/lib/maven/org/hibernate/hibernate-validator/5.3.4.Final/hibernate-validator-5.3.4.Final.jar, file:/E:/lib/maven/javax/validation/validation-api/1.1.0.Final/validation-api-1.1.0.Final.jar, file:/E:/lib/maven/org/jboss/logging/jboss-logging/3.3.0.Final/jboss-logging-3.3.0.Final.jar, file:/E:/lib/maven/com/fasterxml/classmate/1.3.3/classmate-1.3.3.jar, file:/E:/lib/maven/com/fasterxml/jackson/core/jackson-databind/2.8.7/jackson-databind-2.8.7.jar, file:/E:/lib/maven/com/fasterxml/jackson/core/jackson-annotations/2.8.0/jackson-annotations-2.8.0.jar, file:/E:/lib/maven/com/fasterxml/jackson/core/jackson-core/2.8.7/jackson-core-2.8.7.jar, file:/E:/lib/maven/org/springframework/spring-web/4.3.7.RELEASE/spring-web-4.3.7.RELEASE.jar, file:/E:/lib/maven/org/springframework/spring-aop/4.3.7.RELEASE/spring-aop-4.3.7.RELEASE.jar, file:/E:/lib/maven/org/springframework/spring-beans/4.3.7.RELEASE/spring-beans-4.3.7.RELEASE.jar, file:/E:/lib/maven/org/springframework/spring-context/4.3.7.RELEASE/spring-context-4.3.7.RELEASE.jar, file:/E:/lib/maven/org/springframework/spring-webmvc/4.3.7.RELEASE/spring-webmvc-4.3.7.RELEASE.jar, file:/E:/lib/maven/org/springframework/spring-expression/4.3.7.RELEASE/spring-expression-4.3.7.RELEASE.jar, file:/C:/CS/IDEA/2017/IntelliJ%20IDEA%202017.3.5/lib/idea_rt.jar] 
2018-10-14 21:43:07 [ERROR] [org.springframework.boot.SpringApplication:815] - Application startup failed 
org.yaml.snakeyaml.scanner.ScannerException: mapping values are not allowed here
 in 'reader', line 12, column 6:
      log:
         ^

	at org.yaml.snakeyaml.scanner.ScannerImpl.fetchValue(ScannerImpl.java:871)
	at org.yaml.snakeyaml.scanner.ScannerImpl.fetchMoreTokens(ScannerImpl.java:360)
	at org.yaml.snakeyaml.scanner.ScannerImpl.checkToken(ScannerImpl.java:226)
	at org.yaml.snakeyaml.parser.ParserImpl$ParseBlockMappingKey.produce(ParserImpl.java:557)
	at org.yaml.snakeyaml.parser.ParserImpl.peekEvent(ParserImpl.java:157)
	at org.yaml.snakeyaml.parser.ParserImpl.checkEvent(ParserImpl.java:147)
	at org.yaml.snakeyaml.composer.Composer.composeMappingNode(Composer.java:224)
	at org.yaml.snakeyaml.composer.Composer.composeNode(Composer.java:155)
	at org.yaml.snakeyaml.composer.Composer.composeDocument(Composer.java:122)
	at org.yaml.snakeyaml.composer.Composer.getNode(Composer.java:84)
	at org.yaml.snakeyaml.constructor.BaseConstructor.getData(BaseConstructor.java:104)
	at org.yaml.snakeyaml.Yaml$1.next(Yaml.java:471)
	at org.springframework.beans.factory.config.YamlProcessor.process(YamlProcessor.java:160)
	at org.springframework.beans.factory.config.YamlProcessor.process(YamlProcessor.java:138)
	at org.springframework.boot.env.YamlPropertySourceLoader$Processor.process(YamlPropertySourceLoader.java:101)
	at org.springframework.boot.env.YamlPropertySourceLoader.load(YamlPropertySourceLoader.java:58)
	at org.springframework.boot.env.PropertySourcesLoader.load(PropertySourcesLoader.java:127)
	at org.springframework.boot.context.config.ConfigFileApplicationListener$Loader.loadIntoGroup(ConfigFileApplicationListener.java:473)
	at org.springframework.boot.context.config.ConfigFileApplicationListener$Loader.load(ConfigFileApplicationListener.java:460)
	at org.springframework.boot.context.config.ConfigFileApplicationListener$Loader.load(ConfigFileApplicationListener.java:380)
	at org.springframework.boot.context.config.ConfigFileApplicationListener.addPropertySources(ConfigFileApplicationListener.java:215)
	at org.springframework.boot.context.config.ConfigFileApplicationListener.postProcessEnvironment(ConfigFileApplicationListener.java:184)
	at org.springframework.boot.context.config.ConfigFileApplicationListener.onApplicationEnvironmentPreparedEvent(ConfigFileApplicationListener.java:171)
	at org.springframework.boot.context.config.ConfigFileApplicationListener.onApplicationEvent(ConfigFileApplicationListener.java:157)
	at org.springframework.context.event.SimpleApplicationEventMulticaster.invokeListener(SimpleApplicationEventMulticaster.java:167)
	at org.springframework.context.event.SimpleApplicationEventMulticaster.multicastEvent(SimpleApplicationEventMulticaster.java:139)
	at org.springframework.context.event.SimpleApplicationEventMulticaster.multicastEvent(SimpleApplicationEventMulticaster.java:122)
	at org.springframework.boot.context.event.EventPublishingRunListener.environmentPrepared(EventPublishingRunListener.java:73)
	at org.springframework.boot.SpringApplicationRunListeners.environmentPrepared(SpringApplicationRunListeners.java:54)
	at org.springframework.boot.SpringApplication.prepareEnvironment(SpringApplication.java:336)
	at org.springframework.boot.SpringApplication.run(SpringApplication.java:307)
	at exampleB.ExampleBApplication.main(ExampleBApplication.java:43)
