2018-11-03 17:12:04 [ main ] Loaded default TestExecutionListener class names from location [META-INF/spring.factories]: [org.springframework.test.context.web.ServletTestExecutionListener, org.springframework.test.context.support.DirtiesContextBeforeModesTestExecutionListener, org.springframework.test.context.support.DependencyInjectionTestExecutionListener, org.springframework.test.context.support.DirtiesContextTestExecutionListener, org.springframework.test.context.transaction.TransactionalTestExecutionListener, org.springframework.test.context.jdbc.SqlScriptsTestExecutionListener]
2018-11-03 17:12:04 [ main ] Using TestExecutionListeners: [org.springframework.test.context.support.DirtiesContextBeforeModesTestExecutionListener@43814d18, org.springframework.test.context.support.DependencyInjectionTestExecutionListener@5c5a1b69, org.springframework.test.context.support.DirtiesContextTestExecutionListener@3701eaf6, org.springframework.test.context.transaction.TransactionalTestExecutionListener@627551fb, org.springframework.test.context.jdbc.SqlScriptsTestExecutionListener@2b552920]
2018-11-03 17:12:05 [ MLog-Init-Reporter ] MLog clients using slf4j logging.
2018-11-03 17:12:06 [ main ] Initializing c3p0-0.9.5.2 [built 08-December-2015 22:06:04 -0800; debug? true; trace: 10]
2018-11-03 17:12:06 [ main ] PLLLOffAopaspBefore()
2018-11-03 17:12:06 [ main ] PLLLOffTime aspBefore()
2018-11-03 17:12:06 [ main ] ------------------>>
2018-11-03 17:12:06 [ main ] <==   ............
2018-11-03 17:12:06 [ main ] <==   ............
2018-11-03 17:12:06 [ main ] <==   ............
2018-11-03 17:12:06 [ main ] ᓐ ♑ݭ▜⍷
2018-11-03 17:12:06 [ main ] PLLLOffTime aspAfter()
2018-11-03 17:12:06 [ main ] run time:15
2018-11-03 17:12:06 [ main ] PLLLOffAopaspAfter()
2018-11-03 17:12:06 [ main ] PLLLOffAopaspAfterReturning params:null
2018-11-03 17:12:21 [ main ] Loaded default TestExecutionListener class names from location [META-INF/spring.factories]: [org.springframework.test.context.web.ServletTestExecutionListener, org.springframework.test.context.support.DirtiesContextBeforeModesTestExecutionListener, org.springframework.test.context.support.DependencyInjectionTestExecutionListener, org.springframework.test.context.support.DirtiesContextTestExecutionListener, org.springframework.test.context.transaction.TransactionalTestExecutionListener, org.springframework.test.context.jdbc.SqlScriptsTestExecutionListener]
2018-11-03 17:12:21 [ main ] Using TestExecutionListeners: [org.springframework.test.context.support.DirtiesContextBeforeModesTestExecutionListener@43814d18, org.springframework.test.context.support.DependencyInjectionTestExecutionListener@5c5a1b69, org.springframework.test.context.support.DirtiesContextTestExecutionListener@3701eaf6, org.springframework.test.context.transaction.TransactionalTestExecutionListener@627551fb, org.springframework.test.context.jdbc.SqlScriptsTestExecutionListener@2b552920]
2018-11-03 17:12:22 [ MLog-Init-Reporter ] MLog clients using slf4j logging.
2018-11-03 17:12:23 [ main ] Initializing c3p0-0.9.5.2 [built 08-December-2015 22:06:04 -0800; debug? true; trace: 10]
2018-11-03 17:12:23 [ main ] PLLLOffAopaspBefore()
2018-11-03 17:12:23 [ main ] PLLLOffTime aspBefore()
2018-11-03 17:12:23 [ main ] ------------------>>
2018-11-03 17:12:23 [ main ] <==   ............
2018-11-03 17:12:23 [ main ] <==   ............
2018-11-03 17:12:23 [ main ] <==   ............
2018-11-03 17:12:23 [ main ] <==   ............
2018-11-03 17:12:23 [ main ] <==   ............
2018-11-03 17:12:23 [ main ] <==   ............
2018-11-03 17:12:23 [ main ] ❔᪴ണࡂἙ஭ᓘ≰↦᪪შʷᩛݙ✚ᩊ܂ണ
2018-11-03 17:12:23 [ main ] PLLLOffTime aspAfter()
2018-11-03 17:12:23 [ main ] run time:16
2018-11-03 17:12:23 [ main ] PLLLOffAopaspAfter()
2018-11-03 17:12:23 [ main ] PLLLOffAopaspAfterReturning params:null
2018-11-03 17:13:38 [ main ] Loaded default TestExecutionListener class names from location [META-INF/spring.factories]: [org.springframework.test.context.web.ServletTestExecutionListener, org.springframework.test.context.support.DirtiesContextBeforeModesTestExecutionListener, org.springframework.test.context.support.DependencyInjectionTestExecutionListener, org.springframework.test.context.support.DirtiesContextTestExecutionListener, org.springframework.test.context.transaction.TransactionalTestExecutionListener, org.springframework.test.context.jdbc.SqlScriptsTestExecutionListener]
2018-11-03 17:13:38 [ main ] Using TestExecutionListeners: [org.springframework.test.context.support.DirtiesContextBeforeModesTestExecutionListener@43814d18, org.springframework.test.context.support.DependencyInjectionTestExecutionListener@5c5a1b69, org.springframework.test.context.support.DirtiesContextTestExecutionListener@3701eaf6, org.springframework.test.context.transaction.TransactionalTestExecutionListener@627551fb, org.springframework.test.context.jdbc.SqlScriptsTestExecutionListener@2b552920]
2018-11-03 17:13:39 [ MLog-Init-Reporter ] MLog clients using slf4j logging.
2018-11-03 17:13:40 [ main ] Initializing c3p0-0.9.5.2 [built 08-December-2015 22:06:04 -0800; debug? true; trace: 10]
2018-11-03 17:13:40 [ main ] PLLLOffAopaspBefore()
2018-11-03 17:13:40 [ main ] PLLLOffTime aspBefore()
2018-11-03 17:13:40 [ main ] ------------------>>
2018-11-03 17:13:40 [ main ] <==   ............
2018-11-03 17:13:40 [ main ] <==   ............
2018-11-03 17:13:40 [ main ] <==   ............
2018-11-03 17:13:40 [ main ] <==   ............
2018-11-03 17:13:40 [ main ] ໢Ӯ⓻⚙ᰥĺ੉ặ༮ᨈ᲏∻኏
2018-11-03 17:13:40 [ main ] PLLLOffTime aspAfter()
2018-11-03 17:13:40 [ main ] run time:15
2018-11-03 17:13:40 [ main ] PLLLOffAopaspAfter()
2018-11-03 17:13:40 [ main ] PLLLOffAopaspAfterReturning params:null
